# JRE version: Java(TM) SE Runtime Environment (9.0+181) (build 9+181)
# Java VM: Java HotSpot(TM) 64-Bit Server VM (9+181, mixed mode, tiered, compressed oops, g1 gc, windows-amd64)
Heap:
 garbage-first heap   total 131072K, used 60752K [0x0000000081a00000, 0x0000000081b00400, 0x0000000100000000)
  region size 1024K, 58 young (59392K), 1 survivors (1024K)
 Metaspace       used 15566K, capacity 16456K, committed 16512K, reserved 1064960K
  class space    used 1691K, capacity 1893K, committed 1920K, reserved 1048576K
GC Heap History (6 events):
Event: 0.742 GC heap before
{Heap before GC invocations=0 (full 0):
 garbage-first heap   total 131072K, used 14336K [0x0000000081a00000, 0x0000000081b00400, 0x0000000100000000)
  region size 1024K, 14 young (14336K), 0 survivors (0K)
 Metaspace       used 15183K, capacity 16072K, committed 16256K, reserved 1062912K
  class space    used 1690K, capacity 1893K, committed 1920K, reserved 1048576K
}
Event: 0.748 GC heap after
{Heap after GC invocations=1 (full 0):
 garbage-first heap   total 131072K, used 3244K [0x0000000081a00000, 0x0000000081b00400, 0x0000000100000000)
  region size 1024K, 2 young (2048K), 2 survivors (2048K)
 Metaspace       used 15183K, capacity 16072K, committed 16256K, reserved 1062912K
  class space    used 1690K, capacity 1893K, committed 1920K, reserved 1048576K
}
Event: 0.962 GC heap before
{Heap before GC invocations=1 (full 0):
 garbage-first heap   total 131072K, used 18604K [0x0000000081a00000, 0x0000000081b00400, 0x0000000100000000)
  region size 1024K, 17 young (17408K), 2 survivors (2048K)
 Metaspace       used 15432K, capacity 16328K, committed 16512K, reserved 1064960K
  class space    used 1690K, capacity 1893K, committed 1920K, reserved 1048576K
}
Event: 0.966 GC heap after
{Heap after GC invocations=2 (full 0):
 garbage-first heap   total 131072K, used 3553K [0x0000000081a00000, 0x0000000081b00400, 0x0000000100000000)
  region size 1024K, 1 young (1024K), 1 survivors (1024K)
 Metaspace       used 15432K, capacity 16328K, committed 16512K, reserved 1064960K
  class space    used 1690K, capacity 1893K, committed 1920K, reserved 1048576K
}
Event: 1.325 GC heap before
{Heap before GC invocations=2 (full 0):
 garbage-first heap   total 131072K, used 28129K [0x0000000081a00000, 0x0000000081b00400, 0x0000000100000000)
  region size 1024K, 25 young (25600K), 1 survivors (1024K)
 Metaspace       used 15559K, capacity 16456K, committed 16512K, reserved 1064960K
  class space    used 1690K, capacity 1893K, committed 1920K, reserved 1048576K
}
Event: 1.326 GC heap after
{Heap after GC invocations=3 (full 0):
 garbage-first heap   total 131072K, used 3408K [0x0000000081a00000, 0x0000000081b00400, 0x0000000100000000)
  region size 1024K, 1 young (1024K), 1 survivors (1024K)
 Metaspace       used 15559K, capacity 16456K, committed 16512K, reserved 1064960K
  class space    used 1690K, capacity 1893K, committed 1920K, reserved 1048576K
}

